SF:lib/domain/usecases/toggle_verse_mark.dart
DA:4,1
DA:7,1
DA:8,2
LF:3
LH:3
end_of_record
SF:lib/data/datasources/local/memorization_local_datasource.dart
DA:7,0
DA:10,0
DA:11,0
DA:13,0
DA:14,0
DA:15,0
DA:16,0
DA:17,0
DA:19,0
DA:20,0
DA:22,0
DA:24,0
DA:25,0
DA:26,0
DA:30,0
DA:31,0
DA:33,0
DA:34,0
DA:35,0
DA:39,0
DA:40,0
DA:41,0
DA:42,0
DA:43,0
DA:44,0
DA:45,0
DA:48,0
DA:49,0
DA:57,0
DA:58,0
DA:59,0
DA:60,0
DA:62,0
DA:64,0
DA:65,0
DA:66,0
DA:67,0
LF:37
LH:0
end_of_record
SF:lib/data/datasources/local/quran_local_datasource.dart
DA:12,0
DA:15,0
DA:17,0
DA:19,0
DA:21,0
DA:22,0
DA:24,0
DA:25,0
DA:27,0
DA:29,0
DA:30,0
DA:31,0
DA:32,0
DA:33,0
DA:34,0
DA:35,0
DA:39,0
DA:41,0
DA:42,0
DA:43,0
DA:44,0
DA:45,0
DA:46,0
DA:47,0
DA:48,0
DA:49,0
DA:51,0
DA:52,0
DA:53,0
DA:56,0
DA:57,0
DA:58,0
DA:60,0
DA:61,0
DA:62,0
DA:67,0
DA:68,0
DA:70,0
DA:71,0
DA:72,0
DA:73,0
DA:74,0
DA:78,0
DA:195,0
LF:44
LH:0
end_of_record
SF:lib/data/repositories/quran_repository_impl.dart
DA:16,1
DA:25,0
DA:26,0
DA:30,1
DA:32,2
DA:33,2
DA:34,4
DA:36,2
DA:37,2
DA:38,1
DA:39,1
DA:42,5
DA:47,1
DA:49,2
DA:50,3
DA:53,0
DA:57,0
DA:59,0
DA:61,0
DA:63,0
DA:65,0
DA:67,0
DA:69,0
DA:71,1
DA:73,1
DA:80,2
DA:81,1
DA:82,1
DA:83,1
DA:84,2
DA:85,1
DA:86,1
DA:87,0
DA:88,0
DA:89,0
DA:90,0
DA:94,1
DA:99,1
DA:109,2
DA:110,1
DA:111,1
DA:112,1
DA:113,1
DA:114,1
DA:115,1
DA:118,3
DA:119,2
DA:123,2
DA:124,1
DA:125,1
DA:126,1
DA:127,1
DA:128,1
LF:53
LH:39
end_of_record
SF:lib/domain/entities/memorization_stats.dart
DA:5,2
DA:21,6
DA:23,2
DA:25,2
DA:26,6
DA:27,6
DA:28,6
DA:29,6
DA:30,6
DA:31,6
DA:33,0
DA:34,0
DA:35,0
DA:36,0
DA:37,0
DA:38,0
DA:39,0
DA:40,0
LF:18
LH:10
end_of_record
SF:lib/domain/entities/memorization_status.dart
DA:7,3
DA:8,3
DA:9,2
DA:10,2
DA:11,2
LF:5
LH:5
end_of_record
SF:lib/domain/entities/surah.dart
DA:6,5
DA:24,2
DA:25,1
DA:26,1
DA:27,1
DA:28,1
DA:29,1
DA:30,1
DA:31,0
DA:37,1
DA:39,7
DA:41,0
DA:42,0
LF:13
LH:10
end_of_record
SF:lib/domain/entities/verse.dart
DA:5,2
DA:19,1
DA:20,4
DA:22,0
DA:23,0
LF:5
LH:3
end_of_record
SF:lib/domain/usecases/get_verses_by_surah.dart
DA:5,1
DA:8,1
DA:9,2
LF:3
LH:3
end_of_record
SF:lib/domain/usecases/get_memorization_stats.dart
DA:5,1
DA:8,3
LF:2
LH:2
end_of_record
SF:lib/domain/usecases/get_all_surahs.dart
DA:6,2
DA:9,2
DA:10,4
LF:3
LH:3
end_of_record
SF:lib/domain/usecases/seed_initial_data.dart
DA:4,1
DA:7,3
LF:2
LH:2
end_of_record
SF:lib/domain/entities/verse_with_mark.dart
DA:6,1
DA:11,1
DA:12,2
DA:14,1
DA:16,1
DA:17,3
DA:18,3
DA:20,0
DA:21,0
LF:9
LH:7
end_of_record
SF:lib/domain/usecases/update_memorization_status.dart
DA:5,1
DA:8,1
DA:9,2
LF:3
LH:3
end_of_record
SF:lib/presentation/providers/core_providers.dart
DA:16,0
DA:19,0
DA:20,0
DA:23,2
DA:24,1
DA:25,0
DA:29,6
DA:30,0
DA:31,0
DA:32,0
DA:37,3
DA:38,0
DA:41,0
DA:42,0
DA:45,0
DA:46,0
DA:47,0
DA:48,0
DA:51,0
DA:52,0
DA:55,0
DA:56,0
DA:57,0
DA:60,0
DA:61,0
LF:25
LH:4
end_of_record
SF:lib/presentation/providers/surah_list_provider.dart
DA:8,3
DA:9,1
DA:13,4
DA:16,4
DA:17,2
DA:18,2
DA:19,2
DA:21,1
DA:23,2
DA:25,1
DA:27,5
DA:28,1
LF:12
LH:12
end_of_record
SF:lib/presentation/widgets/surah_tile.dart
DA:11,1
DA:15,1
DA:16,1
DA:23,0
DA:24,0
DA:25,0
DA:26,0
DA:27,0
DA:32,0
DA:33,0
DA:34,0
DA:35,0
DA:36,0
DA:37,0
DA:42,0
DA:43,0
DA:44,0
DA:48,0
DA:52,0
DA:53,0
DA:56,1
DA:58,1
DA:59,1
DA:60,1
DA:61,1
DA:63,1
DA:65,1
DA:66,4
DA:67,1
DA:79,1
DA:80,2
DA:81,1
DA:83,1
DA:84,1
DA:85,1
DA:86,2
DA:87,1
DA:92,1
DA:93,1
DA:95,1
DA:98,1
DA:99,1
DA:100,1
DA:102,1
DA:105,1
DA:106,4
DA:116,1
DA:117,1
DA:119,1
DA:120,1
DA:121,3
DA:122,1
DA:125,1
DA:126,7
DA:127,1
DA:134,1
DA:135,3
DA:143,4
LF:58
LH:41
end_of_record
SF:lib/core/theme/app_text_styles.dart
DA:9,0
DA:16,0
DA:23,1
DA:30,1
DA:36,0
DA:44,0
LF:6
LH:2
end_of_record
SF:lib/presentation/providers/stats_provider.dart
DA:6,0
DA:7,0
DA:8,0
LF:3
LH:0
end_of_record
SF:lib/presentation/widgets/status_badge.dart
DA:7,2
DA:10,4
DA:11,2
DA:12,2
DA:13,2
DA:14,1
DA:17,2
DA:19,2
DA:20,2
DA:24,2
DA:25,2
DA:26,4
DA:27,2
DA:29,2
DA:32,2
DA:37,6
LF:16
LH:16
end_of_record
SF:lib/presentation/widgets/status_bottom_sheet.dart
DA:13,0
DA:22,0
DA:24,0
DA:25,0
DA:27,0
DA:29,0
DA:30,0
DA:32,0
DA:34,0
DA:41,0
DA:42,0
DA:43,0
DA:44,0
DA:45,0
DA:46,0
DA:49,0
DA:54,0
DA:57,0
DA:58,0
DA:60,0
DA:61,0
DA:62,0
DA:63,0
DA:64,0
DA:65,0
DA:66,0
DA:67,0
LF:27
LH:0
end_of_record
SF:lib/presentation/providers/home_provider.dart
DA:8,4
DA:9,2
DA:10,2
DA:12,1
DA:13,2
DA:15,1
DA:16,4
DA:18,4
DA:19,1
DA:20,1
DA:24,4
DA:25,2
DA:26,1
DA:29,2
LF:14
LH:14
end_of_record
